# JRE version: OpenJDK Runtime Environment Temurin-21.0.10+7 (21.0.10+7) (build 21.0.10+7-LTS)
# Java VM: OpenJDK 64-Bit Server VM Temurin-21.0.10+7 (21.0.10+7-LTS, mixed mode, sharing, tiered, compressed oops, compressed class ptrs, parallel gc, windows-amd64)
GC Precious Log:
 CardTable entry size: 512
 CPUs: 2 total, 2 available
 Memory: 6019M
 Large Page Support: Disabled
 NUMA Support: Disabled
 Compressed Oops: Enabled (32-bit)
 Alignments: Space 512K, Generation 512K, Heap 2M
 Heap Min Capacity: 100M
 Heap Initial Capacity: 100M
 Heap Max Capacity: 2G
 Pre-touch: Disabled
 Parallel Workers: 2
Heap:
 PSYoungGen      total 6656K, used 4929K [0x00000000d5580000, 0x00000000d5d80000, 0x0000000100000000)
  eden space 6144K, 79% used [0x00000000d5580000,0x00000000d5a405b0,0x00000000d5b80000)
  from space 512K, 12% used [0x00000000d5c80000,0x00000000d5c90000,0x00000000d5d00000)
  to   space 512K, 0% used [0x00000000d5d00000,0x00000000d5d00000,0x00000000d5d80000)
 ParOldGen       total 559616K, used 559272K [0x0000000080000000, 0x00000000a2280000, 0x00000000d5580000)
  object space 559616K, 99% used [0x0000000080000000,0x00000000a222a290,0x00000000a2280000)
 Metaspace       used 93608K, committed 95552K, reserved 1179648K
  class space    used 9403K, committed 10304K, reserved 1048576K
GC Heap History (20 events):
Event: 187263.113 GC heap before
{Heap before GC invocations=3191 (full 6):
 PSYoungGen      total 6656K, used 6240K [0x00000000d5580000, 0x00000000d5d80000, 0x0000000100000000)
  eden space 6144K, 100% used [0x00000000d5580000,0x00000000d5b80000,0x00000000d5b80000)
  from space 512K, 18% used [0x00000000d5c80000,0x00000000d5c98000,0x00000000d5d00000)
  to   space 512K, 0% used [0x00000000d5d00000,0x00000000d5d00000,0x00000000d5d80000)
 ParOldGen       total 559616K, used 559208K [0x0000000080000000, 0x00000000a2280000, 0x00000000d5580000)
  object space 559616K, 99% used [0x0000000080000000,0x00000000a221a290,0x00000000a2280000)
 Metaspace       used 93608K, committed 95552K, reserved 1179648K
  class space    used 9403K, committed 10304K, reserved 1048576K
}
Event: 187263.115 GC heap after
{Heap after GC invocations=3191 (full 6):
 PSYoungGen      total 6656K, used 64K [0x00000000d5580000, 0x00000000d5d80000, 0x0000000100000000)
  eden space 6144K, 0% used [0x00000000d5580000,0x00000000d5580000,0x00000000d5b80000)
  from space 512K, 12% used [0x00000000d5d00000,0x00000000d5d10000,0x00000000d5d80000)
  to   space 512K, 0% used [0x00000000d5c80000,0x00000000d5c80000,0x00000000d5d00000)
 ParOldGen       total 559616K, used 559272K [0x0000000080000000, 0x00000000a2280000, 0x00000000d5580000)
  object space 559616K, 99% used [0x0000000080000000,0x00000000a222a290,0x00000000a2280000)
 Metaspace       used 93608K, committed 95552K, reserved 1179648K
  class space    used 9403K, committed 10304K, reserved 1048576K
}
Event: 187264.142 GC heap before
{Heap before GC invocations=3192 (full 6):
 PSYoungGen      total 6656K, used 6208K [0x00000000d5580000, 0x00000000d5d80000, 0x0000000100000000)
  eden space 6144K, 100% used [0x00000000d5580000,0x00000000d5b80000,0x00000000d5b80000)
  from space 512K, 12% used [0x00000000d5d00000,0x00000000d5d10000,0x00000000d5d80000)
  to   space 512K, 0% used [0x00000000d5c80000,0x00000000d5c80000,0x00000000d5d00000)
 ParOldGen       total 559616K, used 559272K [0x0000000080000000, 0x00000000a2280000, 0x00000000d5580000)
  object space 559616K, 99% used [0x0000000080000000,0x00000000a222a290,0x00000000a2280000)
 Metaspace       used 93608K, committed 95552K, reserved 1179648K
  class space    used 9403K, committed 10304K, reserved 1048576K
}
Event: 187264.144 GC heap after
{Heap after GC invocations=3192 (full 6):
 PSYoungGen      total 6656K, used 64K [0x00000000d5580000, 0x00000000d5d80000, 0x0000000100000000)
  eden space 6144K, 0% used [0x00000000d5580000,0x00000000d5580000,0x00000000d5b80000)
  from space 512K, 12% used [0x00000000d5c80000,0x00000000d5c90000,0x00000000d5d00000)
  to   space 512K, 0% used [0x00000000d5d00000,0x00000000d5d00000,0x00000000d5d80000)
 ParOldGen       total 559616K, used 559272K [0x0000000080000000, 0x00000000a2280000, 0x00000000d5580000)
  object space 559616K, 99% used [0x0000000080000000,0x00000000a222a290,0x00000000a2280000)
 Metaspace       used 93608K, committed 95552K, reserved 1179648K
  class space    used 9403K, committed 10304K, reserved 1048576K
}
Event: 187264.749 GC heap before
{Heap before GC invocations=3193 (full 6):
 PSYoungGen      total 6656K, used 6208K [0x00000000d5580000, 0x00000000d5d80000, 0x0000000100000000)
  eden space 6144K, 100% used [0x00000000d5580000,0x00000000d5b80000,0x00000000d5b80000)
  from space 512K, 12% used [0x00000000d5c80000,0x00000000d5c90000,0x00000000d5d00000)
  to   space 512K, 0% used [0x00000000d5d00000,0x00000000d5d00000,0x00000000d5d80000)
 ParOldGen       total 559616K, used 559272K [0x0000000080000000, 0x00000000a2280000, 0x00000000d5580000)
  object space 559616K, 99% used [0x0000000080000000,0x00000000a222a290,0x00000000a2280000)
 Metaspace       used 93608K, committed 95552K, reserved 1179648K
  class space    used 9403K, committed 10304K, reserved 1048576K
}
Event: 187264.751 GC heap after
{Heap after GC invocations=3193 (full 6):
 PSYoungGen      total 6656K, used 64K [0x00000000d5580000, 0x00000000d5d80000, 0x0000000100000000)
  eden space 6144K, 0% used [0x00000000d5580000,0x00000000d5580000,0x00000000d5b80000)
  from space 512K, 12% used [0x00000000d5d00000,0x00000000d5d10000,0x00000000d5d80000)
  to   space 512K, 0% used [0x00000000d5c80000,0x00000000d5c80000,0x00000000d5d00000)
 ParOldGen       total 559616K, used 559272K [0x0000000080000000, 0x00000000a2280000, 0x00000000d5580000)
  object space 559616K, 99% used [0x0000000080000000,0x00000000a222a290,0x00000000a2280000)
 Metaspace       used 93608K, committed 95552K, reserved 1179648K
  class space    used 9403K, committed 10304K, reserved 1048576K
}
Event: 187265.047 GC heap before
{Heap before GC invocations=3194 (full 6):
 PSYoungGen      total 6656K, used 6208K [0x00000000d5580000, 0x00000000d5d80000, 0x0000000100000000)
  eden space 6144K, 100% used [0x00000000d5580000,0x00000000d5b80000,0x00000000d5b80000)
  from space 512K, 12% used [0x00000000d5d00000,0x00000000d5d10000,0x00000000d5d80000)
  to   space 512K, 0% used [0x00000000d5c80000,0x00000000d5c80000,0x00000000d5d00000)
 ParOldGen       total 559616K, used 559272K [0x0000000080000000, 0x00000000a2280000, 0x00000000d5580000)
  object space 559616K, 99% used [0x0000000080000000,0x00000000a222a290,0x00000000a2280000)
 Metaspace       used 93608K, committed 95552K, reserved 1179648K
  class space    used 9403K, committed 10304K, reserved 1048576K
}
Event: 187265.049 GC heap after
{Heap after GC invocations=3194 (full 6):
 PSYoungGen      total 6656K, used 64K [0x00000000d5580000, 0x00000000d5d80000, 0x0000000100000000)
  eden space 6144K, 0% used [0x00000000d5580000,0x00000000d5580000,0x00000000d5b80000)
  from space 512K, 12% used [0x00000000d5c80000,0x00000000d5c90000,0x00000000d5d00000)
  to   space 512K, 0% used [0x00000000d5d00000,0x00000000d5d00000,0x00000000d5d80000)
 ParOldGen       total 559616K, used 559272K [0x0000000080000000, 0x00000000a2280000, 0x00000000d5580000)
  object space 559616K, 99% used [0x0000000080000000,0x00000000a222a290,0x00000000a2280000)
 Metaspace       used 93608K, committed 95552K, reserved 1179648K
  class space    used 9403K, committed 10304K, reserved 1048576K
}
Event: 187265.269 GC heap before
{Heap before GC invocations=3195 (full 6):
 PSYoungGen      total 6656K, used 6208K [0x00000000d5580000, 0x00000000d5d80000, 0x0000000100000000)
  eden space 6144K, 100% used [0x00000000d5580000,0x00000000d5b80000,0x00000000d5b80000)
  from space 512K, 12% used [0x00000000d5c80000,0x00000000d5c90000,0x00000000d5d00000)
  to   space 512K, 0% used [0x00000000d5d00000,0x00000000d5d00000,0x00000000d5d80000)
 ParOldGen       total 559616K, used 559272K [0x0000000080000000, 0x00000000a2280000, 0x00000000d5580000)
  object space 559616K, 99% used [0x0000000080000000,0x00000000a222a290,0x00000000a2280000)
 Metaspace       used 93608K, committed 95552K, reserved 1179648K
  class space    used 9403K, committed 10304K, reserved 1048576K
}
Event: 187265.271 GC heap after
{Heap after GC invocations=3195 (full 6):
 PSYoungGen      total 6656K, used 64K [0x00000000d5580000, 0x00000000d5d80000, 0x0000000100000000)
  eden space 6144K, 0% used [0x00000000d5580000,0x00000000d5580000,0x00000000d5b80000)
  from space 512K, 12% used [0x00000000d5d00000,0x00000000d5d10000,0x00000000d5d80000)
  to   space 512K, 0% used [0x00000000d5c80000,0x00000000d5c80000,0x00000000d5d00000)
 ParOldGen       total 559616K, used 559272K [0x0000000080000000, 0x00000000a2280000, 0x00000000d5580000)
  object space 559616K, 99% used [0x0000000080000000,0x00000000a222a290,0x00000000a2280000)
 Metaspace       used 93608K, committed 95552K, reserved 1179648K
  class space    used 9403K, committed 10304K, reserved 1048576K
}
Event: 187265.483 GC heap before
{Heap before GC invocations=3196 (full 6):
 PSYoungGen      total 6656K, used 6208K [0x00000000d5580000, 0x00000000d5d80000, 0x0000000100000000)
  eden space 6144K, 100% used [0x00000000d5580000,0x00000000d5b80000,0x00000000d5b80000)
  from space 512K, 12% used [0x00000000d5d00000,0x00000000d5d10000,0x00000000d5d80000)
  to   space 512K, 0% used [0x00000000d5c80000,0x00000000d5c80000,0x00000000d5d00000)
 ParOldGen       total 559616K, used 559272K [0x0000000080000000, 0x00000000a2280000, 0x00000000d5580000)
  object space 559616K, 99% used [0x0000000080000000,0x00000000a222a290,0x00000000a2280000)
 Metaspace       used 93608K, committed 95552K, reserved 1179648K
  class space    used 9403K, committed 10304K, reserved 1048576K
}
Event: 187265.485 GC heap after
{Heap after GC invocations=3196 (full 6):
 PSYoungGen      total 6656K, used 64K [0x00000000d5580000, 0x00000000d5d80000, 0x0000000100000000)
  eden space 6144K, 0% used [0x00000000d5580000,0x00000000d5580000,0x00000000d5b80000)
  from space 512K, 12% used [0x00000000d5c80000,0x00000000d5c90000,0x00000000d5d00000)
  to   space 512K, 0% used [0x00000000d5d00000,0x00000000d5d00000,0x00000000d5d80000)
 ParOldGen       total 559616K, used 559272K [0x0000000080000000, 0x00000000a2280000, 0x00000000d5580000)
  object space 559616K, 99% used [0x0000000080000000,0x00000000a222a290,0x00000000a2280000)
 Metaspace       used 93608K, committed 95552K, reserved 1179648K
  class space    used 9403K, committed 10304K, reserved 1048576K
}
Event: 187265.703 GC heap before
{Heap before GC invocations=3197 (full 6):
 PSYoungGen      total 6656K, used 6208K [0x00000000d5580000, 0x00000000d5d80000, 0x0000000100000000)
  eden space 6144K, 100% used [0x00000000d5580000,0x00000000d5b80000,0x00000000d5b80000)
  from space 512K, 12% used [0x00000000d5c80000,0x00000000d5c90000,0x00000000d5d00000)
  to   space 512K, 0% used [0x00000000d5d00000,0x00000000d5d00000,0x00000000d5d80000)
 ParOldGen       total 559616K, used 559272K [0x0000000080000000, 0x00000000a2280000, 0x00000000d5580000)
  object space 559616K, 99% used [0x0000000080000000,0x00000000a222a290,0x00000000a2280000)
 Metaspace       used 93608K, committed 95552K, reserved 1179648K
  class space    used 9403K, committed 10304K, reserved 1048576K
}
Event: 187265.706 GC heap after
{Heap after GC invocations=3197 (full 6):
 PSYoungGen      total 6656K, used 64K [0x00000000d5580000, 0x00000000d5d80000, 0x0000000100000000)
  eden space 6144K, 0% used [0x00000000d5580000,0x00000000d5580000,0x00000000d5b80000)
  from space 512K, 12% used [0x00000000d5d00000,0x00000000d5d10000,0x00000000d5d80000)
  to   space 512K, 0% used [0x00000000d5c80000,0x00000000d5c80000,0x00000000d5d00000)
 ParOldGen       total 559616K, used 559272K [0x0000000080000000, 0x00000000a2280000, 0x00000000d5580000)
  object space 559616K, 99% used [0x0000000080000000,0x00000000a222a290,0x00000000a2280000)
 Metaspace       used 93608K, committed 95552K, reserved 1179648K
  class space    used 9403K, committed 10304K, reserved 1048576K
}
Event: 187266.297 GC heap before
{Heap before GC invocations=3198 (full 6):
 PSYoungGen      total 6656K, used 6208K [0x00000000d5580000, 0x00000000d5d80000, 0x0000000100000000)
  eden space 6144K, 100% used [0x00000000d5580000,0x00000000d5b80000,0x00000000d5b80000)
  from space 512K, 12% used [0x00000000d5d00000,0x00000000d5d10000,0x00000000d5d80000)
  to   space 512K, 0% used [0x00000000d5c80000,0x00000000d5c80000,0x00000000d5d00000)
 ParOldGen       total 559616K, used 559272K [0x0000000080000000, 0x00000000a2280000, 0x00000000d5580000)
  object space 559616K, 99% used [0x0000000080000000,0x00000000a222a290,0x00000000a2280000)
 Metaspace       used 93608K, committed 95552K, reserved 1179648K
  class space    used 9403K, committed 10304K, reserved 1048576K
}
Event: 187266.300 GC heap after
{Heap after GC invocations=3198 (full 6):
 PSYoungGen      total 6656K, used 64K [0x00000000d5580000, 0x00000000d5d80000, 0x0000000100000000)
  eden space 6144K, 0% used [0x00000000d5580000,0x00000000d5580000,0x00000000d5b80000)
  from space 512K, 12% used [0x00000000d5c80000,0x00000000d5c90000,0x00000000d5d00000)
  to   space 512K, 0% used [0x00000000d5d00000,0x00000000d5d00000,0x00000000d5d80000)
 ParOldGen       total 559616K, used 559272K [0x0000000080000000, 0x00000000a2280000, 0x00000000d5580000)
  object space 559616K, 99% used [0x0000000080000000,0x00000000a222a290,0x00000000a2280000)
 Metaspace       used 93608K, committed 95552K, reserved 1179648K
  class space    used 9403K, committed 10304K, reserved 1048576K
}
Event: 187267.215 GC heap before
{Heap before GC invocations=3199 (full 6):
 PSYoungGen      total 6656K, used 6208K [0x00000000d5580000, 0x00000000d5d80000, 0x0000000100000000)
  eden space 6144K, 100% used [0x00000000d5580000,0x00000000d5b80000,0x00000000d5b80000)
  from space 512K, 12% used [0x00000000d5c80000,0x00000000d5c90000,0x00000000d5d00000)
  to   space 512K, 0% used [0x00000000d5d00000,0x00000000d5d00000,0x00000000d5d80000)
 ParOldGen       total 559616K, used 559272K [0x0000000080000000, 0x00000000a2280000, 0x00000000d5580000)
  object space 559616K, 99% used [0x0000000080000000,0x00000000a222a290,0x00000000a2280000)
 Metaspace       used 93608K, committed 95552K, reserved 1179648K
  class space    used 9403K, committed 10304K, reserved 1048576K
}
Event: 187267.217 GC heap after
{Heap after GC invocations=3199 (full 6):
 PSYoungGen      total 6656K, used 64K [0x00000000d5580000, 0x00000000d5d80000, 0x0000000100000000)
  eden space 6144K, 0% used [0x00000000d5580000,0x00000000d5580000,0x00000000d5b80000)
  from space 512K, 12% used [0x00000000d5d00000,0x00000000d5d10000,0x00000000d5d80000)
  to   space 512K, 0% used [0x00000000d5c80000,0x00000000d5c80000,0x00000000d5d00000)
 ParOldGen       total 559616K, used 559272K [0x0000000080000000, 0x00000000a2280000, 0x00000000d5580000)
  object space 559616K, 99% used [0x0000000080000000,0x00000000a222a290,0x00000000a2280000)
 Metaspace       used 93608K, committed 95552K, reserved 1179648K
  class space    used 9403K, committed 10304K, reserved 1048576K
}
Event: 220319.282 GC heap before
{Heap before GC invocations=3200 (full 6):
 PSYoungGen      total 6656K, used 6208K [0x00000000d5580000, 0x00000000d5d80000, 0x0000000100000000)
  eden space 6144K, 100% used [0x00000000d5580000,0x00000000d5b80000,0x00000000d5b80000)
  from space 512K, 12% used [0x00000000d5d00000,0x00000000d5d10000,0x00000000d5d80000)
  to   space 512K, 0% used [0x00000000d5c80000,0x00000000d5c80000,0x00000000d5d00000)
 ParOldGen       total 559616K, used 559272K [0x0000000080000000, 0x00000000a2280000, 0x00000000d5580000)
  object space 559616K, 99% used [0x0000000080000000,0x00000000a222a290,0x00000000a2280000)
 Metaspace       used 93608K, committed 95552K, reserved 1179648K
  class space    used 9403K, committed 10304K, reserved 1048576K
}
Event: 220319.855 GC heap after
{Heap after GC invocations=3200 (full 6):
 PSYoungGen      total 6656K, used 64K [0x00000000d5580000, 0x00000000d5d80000, 0x0000000100000000)
  eden space 6144K, 0% used [0x00000000d5580000,0x00000000d5580000,0x00000000d5b80000)
  from space 512K, 12% used [0x00000000d5c80000,0x00000000d5c90000,0x00000000d5d00000)
  to   space 512K, 0% used [0x00000000d5d00000,0x00000000d5d00000,0x00000000d5d80000)
 ParOldGen       total 559616K, used 559272K [0x0000000080000000, 0x00000000a2280000, 0x00000000d5580000)
  object space 559616K, 99% used [0x0000000080000000,0x00000000a222a290,0x00000000a2280000)
 Metaspace       used 93608K, committed 95552K, reserved 1179648K
  class space    used 9403K, committed 10304K, reserved 1048576K
}

